\BOOKMARK [1][-]{section.1}{Definitions, Families of Curves}{}% 1
\BOOKMARK [2][-]{subsection.1.1}{Definitions}{section.1}% 2
\BOOKMARK [2][-]{subsection.1.2}{Families of Solutions}{section.1}% 3
\BOOKMARK [2][-]{subsection.1.3}{Isoclines}{section.1}% 4
\BOOKMARK [2][-]{subsection.1.4}{Existence Theorem}{section.1}% 5
\BOOKMARK [1][-]{section.2}{Equations of Order One}{}% 6
\BOOKMARK [2][-]{subsection.2.1}{Separation of Variables}{section.2}% 7
\BOOKMARK [2][-]{subsection.2.2}{Homogeneity}{section.2}% 8
\BOOKMARK [2][-]{subsection.2.3}{Homogeneous Differential Equations}{section.2}% 9
\BOOKMARK [2][-]{subsection.2.4}{Homogeneous Coefficients}{section.2}% 10
\BOOKMARK [2][-]{subsection.2.5}{Exact Equations}{section.2}% 11
\BOOKMARK [2][-]{subsection.2.6}{Linear Equations of Order 1}{section.2}% 12
\BOOKMARK [2][-]{subsection.2.7}{General Solution of a Linear Equation}{section.2}% 13
\BOOKMARK [2][-]{subsection.2.8}{Application of Mixing Problem}{section.2}% 14
\BOOKMARK [2][-]{subsection.2.9}{Integrating Factor by Inspection}{section.2}% 15
\BOOKMARK [2][-]{subsection.2.10}{Determining Complex Integrating Factors}{section.2}% 16
\BOOKMARK [1][-]{section.3}{Linear Equations with Constant Equations}{}% 17
\BOOKMARK [2][-]{subsection.3.1}{Auxiliary Equation}{section.3}% 18
\BOOKMARK [3][-]{subsubsection.3.1.1}{Derivation}{subsection.3.1}% 19
\BOOKMARK [2][-]{subsection.3.2}{Auxiliary Equation Repeated Roots}{section.3}% 20
\BOOKMARK [2][-]{subsection.3.3}{Complex roots for the auxiliary equation*}{section.3}% 21
\BOOKMARK [2][-]{subsection.3.4}{Linear Independence}{section.3}% 22
\BOOKMARK [2][-]{subsection.3.5}{Review of rational roots, synthetic division}{section.3}% 23
\BOOKMARK [2][-]{subsection.3.6}{Undetermined Coefficients}{section.3}% 24
\BOOKMARK [2][-]{subsection.3.7}{Variation of Parameters}{section.3}% 25
\BOOKMARK [3][-]{subsubsection.3.7.1}{Determinants}{subsection.3.7}% 26
\BOOKMARK [2][-]{subsection.3.8}{Reduction of Order}{section.3}% 27
\BOOKMARK [2][-]{subsection.3.9}{Spring Oscillation}{section.3}% 28
\BOOKMARK [3][-]{subsubsection.3.9.1}{Undamped}{subsection.3.9}% 29
\BOOKMARK [3][-]{subsubsection.3.9.2}{Resonance}{subsection.3.9}% 30
\BOOKMARK [3][-]{subsubsection.3.9.3}{Damped Motion Cases}{subsection.3.9}% 31
\BOOKMARK [2][-]{subsection.3.10}{Circuit Application}{section.3}% 32
\BOOKMARK [2][-]{subsection.3.11}{Dependent Variable Missing}{section.3}% 33
\BOOKMARK [1][-]{section.4}{Laplace Transform}{}% 34
\BOOKMARK [2][-]{subsection.4.1}{Laplace transform definitions}{section.4}% 35
\BOOKMARK [2][-]{subsection.4.2}{Solving DEs}{section.4}% 36
\BOOKMARK [2][-]{subsection.4.3}{Step Function}{section.4}% 37
\BOOKMARK [2][-]{subsection.4.4}{Periodic Functions}{section.4}% 38
\BOOKMARK [2][-]{subsection.4.5}{Convolution Operation}{section.4}% 39
\BOOKMARK [2][-]{subsection.4.6}{More on Step Functions}{section.4}% 40
\BOOKMARK [2][-]{subsection.4.7}{Integral Equations}{section.4}% 41
\BOOKMARK [2][-]{subsection.4.8}{Gamma Function}{section.4}% 42
